2023-09-21 10:40:36.394 AEST [15658] LOG:  starting PostgreSQL 14.9 (Homebrew) on aarch64-apple-darwin22.4.0, compiled by Apple clang version 14.0.3 (clang-1403.0.22.14.1), 64-bit
2023-09-21 10:40:36.395 AEST [15658] LOG:  could not bind IPv6 address "::1": Address already in use
2023-09-21 10:40:36.395 AEST [15658] HINT:  Is another postmaster already running on port 5432? If not, wait a few seconds and retry.
2023-09-21 10:40:36.395 AEST [15658] LOG:  could not bind IPv4 address "127.0.0.1": Address already in use
2023-09-21 10:40:36.395 AEST [15658] HINT:  Is another postmaster already running on port 5432? If not, wait a few seconds and retry.
2023-09-21 10:40:36.395 AEST [15658] WARNING:  could not create listen socket for "localhost"
2023-09-21 10:40:36.395 AEST [15658] FATAL:  could not create any TCP/IP sockets
2023-09-21 10:40:36.396 AEST [15658] LOG:  database system is shut down
2023-09-21 11:57:40.328 AEST [16632] LOG:  starting PostgreSQL 14.9 (Homebrew) on aarch64-apple-darwin22.4.0, compiled by Apple clang version 14.0.3 (clang-1403.0.22.14.1), 64-bit
2023-09-21 11:57:40.329 AEST [16632] LOG:  could not bind IPv6 address "::1": Address already in use
2023-09-21 11:57:40.329 AEST [16632] HINT:  Is another postmaster already running on port 5432? If not, wait a few seconds and retry.
2023-09-21 11:57:40.329 AEST [16632] LOG:  could not bind IPv4 address "127.0.0.1": Address already in use
2023-09-21 11:57:40.329 AEST [16632] HINT:  Is another postmaster already running on port 5432? If not, wait a few seconds and retry.
2023-09-21 11:57:40.329 AEST [16632] WARNING:  could not create listen socket for "localhost"
2023-09-21 11:57:40.329 AEST [16632] FATAL:  could not create any TCP/IP sockets
2023-09-21 11:57:40.330 AEST [16632] LOG:  database system is shut down
2023-09-21 12:07:55.293 AEST [17750] LOG:  starting PostgreSQL 14.9 (Homebrew) on aarch64-apple-darwin22.4.0, compiled by Apple clang version 14.0.3 (clang-1403.0.22.14.1), 64-bit
2023-09-21 12:07:55.294 AEST [17750] LOG:  could not bind IPv6 address "::1": Address already in use
2023-09-21 12:07:55.294 AEST [17750] HINT:  Is another postmaster already running on port 5432? If not, wait a few seconds and retry.
2023-09-21 12:07:55.294 AEST [17750] LOG:  could not bind IPv4 address "127.0.0.1": Address already in use
2023-09-21 12:07:55.294 AEST [17750] HINT:  Is another postmaster already running on port 5432? If not, wait a few seconds and retry.
2023-09-21 12:07:55.294 AEST [17750] WARNING:  could not create listen socket for "localhost"
2023-09-21 12:07:55.294 AEST [17750] FATAL:  could not create any TCP/IP sockets
2023-09-21 12:07:55.294 AEST [17750] LOG:  database system is shut down
2023-09-21 12:17:26.198 AEST [17991] LOG:  starting PostgreSQL 14.9 (Homebrew) on aarch64-apple-darwin22.4.0, compiled by Apple clang version 14.0.3 (clang-1403.0.22.14.1), 64-bit
2023-09-21 12:17:26.198 AEST [17991] LOG:  could not bind IPv6 address "::1": Address already in use
2023-09-21 12:17:26.198 AEST [17991] HINT:  Is another postmaster already running on port 5432? If not, wait a few seconds and retry.
2023-09-21 12:17:26.198 AEST [17991] LOG:  could not bind IPv4 address "127.0.0.1": Address already in use
2023-09-21 12:17:26.198 AEST [17991] HINT:  Is another postmaster already running on port 5432? If not, wait a few seconds and retry.
2023-09-21 12:17:26.198 AEST [17991] WARNING:  could not create listen socket for "localhost"
2023-09-21 12:17:26.198 AEST [17991] FATAL:  could not create any TCP/IP sockets
2023-09-21 12:17:26.198 AEST [17991] LOG:  database system is shut down
2023-09-21 12:19:29.031 AEST [18034] LOG:  starting PostgreSQL 14.9 (Homebrew) on aarch64-apple-darwin22.4.0, compiled by Apple clang version 14.0.3 (clang-1403.0.22.14.1), 64-bit
2023-09-21 12:19:29.032 AEST [18034] LOG:  could not bind IPv6 address "::1": Address already in use
2023-09-21 12:19:29.032 AEST [18034] HINT:  Is another postmaster already running on port 5432? If not, wait a few seconds and retry.
2023-09-21 12:19:29.032 AEST [18034] LOG:  could not bind IPv4 address "127.0.0.1": Address already in use
2023-09-21 12:19:29.032 AEST [18034] HINT:  Is another postmaster already running on port 5432? If not, wait a few seconds and retry.
2023-09-21 12:19:29.032 AEST [18034] WARNING:  could not create listen socket for "localhost"
2023-09-21 12:19:29.032 AEST [18034] FATAL:  could not create any TCP/IP sockets
2023-09-21 12:19:29.033 AEST [18034] LOG:  database system is shut down
2023-09-21 12:28:43.876 AEST [18191] LOG:  starting PostgreSQL 14.9 (Homebrew) on aarch64-apple-darwin22.4.0, compiled by Apple clang version 14.0.3 (clang-1403.0.22.14.1), 64-bit
2023-09-21 12:28:43.877 AEST [18191] LOG:  could not bind IPv6 address "::1": Address already in use
2023-09-21 12:28:43.877 AEST [18191] HINT:  Is another postmaster already running on port 5432? If not, wait a few seconds and retry.
2023-09-21 12:28:43.877 AEST [18191] LOG:  could not bind IPv4 address "127.0.0.1": Address already in use
2023-09-21 12:28:43.877 AEST [18191] HINT:  Is another postmaster already running on port 5432? If not, wait a few seconds and retry.
2023-09-21 12:28:43.877 AEST [18191] WARNING:  could not create listen socket for "localhost"
2023-09-21 12:28:43.877 AEST [18191] FATAL:  could not create any TCP/IP sockets
2023-09-21 12:28:43.877 AEST [18191] LOG:  database system is shut down
2023-09-21 12:34:22.399 AEST [18319] LOG:  starting PostgreSQL 14.9 (Homebrew) on aarch64-apple-darwin22.4.0, compiled by Apple clang version 14.0.3 (clang-1403.0.22.14.1), 64-bit
2023-09-21 12:34:22.400 AEST [18319] LOG:  could not bind IPv6 address "::1": Address already in use
2023-09-21 12:34:22.400 AEST [18319] HINT:  Is another postmaster already running on port 5432? If not, wait a few seconds and retry.
2023-09-21 12:34:22.400 AEST [18319] LOG:  could not bind IPv4 address "127.0.0.1": Address already in use
2023-09-21 12:34:22.400 AEST [18319] HINT:  Is another postmaster already running on port 5432? If not, wait a few seconds and retry.
2023-09-21 12:34:22.400 AEST [18319] WARNING:  could not create listen socket for "localhost"
2023-09-21 12:34:22.400 AEST [18319] FATAL:  could not create any TCP/IP sockets
2023-09-21 12:34:22.400 AEST [18319] LOG:  database system is shut down
2023-09-21 12:41:39.697 AEST [18480] LOG:  starting PostgreSQL 14.9 (Homebrew) on aarch64-apple-darwin22.4.0, compiled by Apple clang version 14.0.3 (clang-1403.0.22.14.1), 64-bit
2023-09-21 12:41:39.698 AEST [18480] LOG:  could not bind IPv6 address "::1": Address already in use
2023-09-21 12:41:39.698 AEST [18480] HINT:  Is another postmaster already running on port 5432? If not, wait a few seconds and retry.
2023-09-21 12:41:39.698 AEST [18480] LOG:  could not bind IPv4 address "127.0.0.1": Address already in use
2023-09-21 12:41:39.698 AEST [18480] HINT:  Is another postmaster already running on port 5432? If not, wait a few seconds and retry.
2023-09-21 12:41:39.698 AEST [18480] WARNING:  could not create listen socket for "localhost"
2023-09-21 12:41:39.698 AEST [18480] FATAL:  could not create any TCP/IP sockets
2023-09-21 12:41:39.698 AEST [18480] LOG:  database system is shut down
2023-09-21 12:43:57.521 AEST [18574] LOG:  starting PostgreSQL 14.9 (Homebrew) on aarch64-apple-darwin22.4.0, compiled by Apple clang version 14.0.3 (clang-1403.0.22.14.1), 64-bit
2023-09-21 12:43:57.522 AEST [18574] LOG:  could not bind IPv6 address "::1": Address already in use
2023-09-21 12:43:57.522 AEST [18574] HINT:  Is another postmaster already running on port 5432? If not, wait a few seconds and retry.
2023-09-21 12:43:57.522 AEST [18574] LOG:  could not bind IPv4 address "127.0.0.1": Address already in use
2023-09-21 12:43:57.522 AEST [18574] HINT:  Is another postmaster already running on port 5432? If not, wait a few seconds and retry.
2023-09-21 12:43:57.522 AEST [18574] WARNING:  could not create listen socket for "localhost"
2023-09-21 12:43:57.522 AEST [18574] FATAL:  could not create any TCP/IP sockets
2023-09-21 12:43:57.522 AEST [18574] LOG:  database system is shut down
2023-09-21 12:44:31.242 AEST [18586] LOG:  starting PostgreSQL 14.9 (Homebrew) on aarch64-apple-darwin22.4.0, compiled by Apple clang version 14.0.3 (clang-1403.0.22.14.1), 64-bit
2023-09-21 12:44:31.243 AEST [18586] LOG:  could not bind IPv6 address "::1": Address already in use
2023-09-21 12:44:31.243 AEST [18586] HINT:  Is another postmaster already running on port 5432? If not, wait a few seconds and retry.
2023-09-21 12:44:31.243 AEST [18586] LOG:  could not bind IPv4 address "127.0.0.1": Address already in use
2023-09-21 12:44:31.243 AEST [18586] HINT:  Is another postmaster already running on port 5432? If not, wait a few seconds and retry.
2023-09-21 12:44:31.243 AEST [18586] WARNING:  could not create listen socket for "localhost"
2023-09-21 12:44:31.243 AEST [18586] FATAL:  could not create any TCP/IP sockets
2023-09-21 12:44:31.243 AEST [18586] LOG:  database system is shut down
2023-09-21 12:46:36.012 AEST [18621] LOG:  starting PostgreSQL 14.9 (Homebrew) on aarch64-apple-darwin22.4.0, compiled by Apple clang version 14.0.3 (clang-1403.0.22.14.1), 64-bit
2023-09-21 12:46:36.013 AEST [18621] LOG:  listening on IPv6 address "::1", port 5433
2023-09-21 12:46:36.013 AEST [18621] LOG:  listening on IPv4 address "127.0.0.1", port 5433
2023-09-21 12:46:36.014 AEST [18621] LOG:  listening on Unix socket "/tmp/.s.PGSQL.5433"
2023-09-21 12:46:36.019 AEST [18622] LOG:  database system was shut down at 2023-09-21 10:16:27 AEST
2023-09-21 12:46:36.021 AEST [18621] LOG:  database system is ready to accept connections
2023-09-21 12:49:27.241 AEST [18671] FATAL:  role "postgres" does not exist
2023-09-21 13:00:59.787 AEST [18740] ERROR:  syntax error at or near "psql" at character 1
2023-09-21 13:00:59.787 AEST [18740] STATEMENT:  psql -U byronbanzhaf -h localhost -p 5433 -d postgres
	SELECT usename FROM pg_user;
2023-09-21 13:48:55.266 AEST [23936] ERROR:  syntax error at or near "user" at character 22
2023-09-21 13:48:55.266 AEST [23936] STATEMENT:  drop table if exists user cascade
2023-09-21 13:48:55.272 AEST [23936] ERROR:  syntax error at or near "user" at character 14
2023-09-21 13:48:55.272 AEST [23936] STATEMENT:  create table user (id bigserial not null, email varchar(255), f_name varchar(255), l_name varchar(255), phone varchar(255), primary key (id))
2023-09-21 13:50:55.783 AEST [23936] ERROR:  syntax error at or near "user" at character 22
2023-09-21 13:50:55.783 AEST [23936] STATEMENT:  drop table if exists user cascade
2023-09-21 13:50:57.300 AEST [24580] ERROR:  syntax error at or near "user" at character 22
2023-09-21 13:50:57.300 AEST [24580] STATEMENT:  drop table if exists user cascade
2023-09-21 13:50:57.306 AEST [24580] ERROR:  syntax error at or near "user" at character 14
2023-09-21 13:50:57.306 AEST [24580] STATEMENT:  create table user (id bigserial not null, email varchar(255), f_name varchar(255), l_name varchar(255), phone varchar(255), primary key (id))
2023-09-21 13:52:44.931 AEST [24580] ERROR:  syntax error at or near "user" at character 22
2023-09-21 13:52:44.931 AEST [24580] STATEMENT:  drop table if exists user cascade
2023-09-23 00:30:59.216 AEST [18621] LOG:  received smart shutdown request
2023-09-23 00:30:59.221 AEST [18621] LOG:  background worker "logical replication launcher" (PID 18628) exited with exit code 1
2023-09-23 00:30:59.221 AEST [18623] LOG:  shutting down
2023-09-23 00:30:59.255 AEST [18621] LOG:  database system is shut down
2023-09-27 12:03:10.940 AEST [8396] LOG:  starting PostgreSQL 14.9 (Homebrew) on aarch64-apple-darwin22.4.0, compiled by Apple clang version 14.0.3 (clang-1403.0.22.14.1), 64-bit
2023-09-27 12:03:10.942 AEST [8396] LOG:  listening on IPv6 address "::1", port 5433
2023-09-27 12:03:10.942 AEST [8396] LOG:  listening on IPv4 address "127.0.0.1", port 5433
2023-09-27 12:03:10.942 AEST [8396] LOG:  listening on Unix socket "/tmp/.s.PGSQL.5433"
2023-09-27 12:03:10.944 AEST [8397] LOG:  database system was shut down at 2023-09-23 00:30:59 AEST
2023-09-27 12:03:10.947 AEST [8396] LOG:  database system is ready to accept connections
2023-10-03 04:51:57.771 GMT [15332] LOG:  invalid value for parameter "dynamic_shared_memory_type": "posix"
2023-10-03 04:51:57.771 GMT [15332] HINT:  Available values: windows.
2023-10-03 15:51:57.811 AEDT [15332] FATAL:  configuration file "C:/Users/nicho/OneDrive/Documents/GitHub/Capstone-Project/Database/postgresql.conf" contains errors
2023-10-03 15:55:07.525 AEDT [20556] FATAL:  could not open directory "pg_notify": No such file or directory
2023-10-03 15:55:07.528 AEDT [20556] LOG:  database system is shut down
2023-10-03 15:59:55.854 AEDT [19236] LOG:  starting PostgreSQL 14.9, compiled by Visual C++ build 1914, 64-bit
2023-10-03 15:59:55.863 AEDT [19236] LOG:  listening on IPv6 address "::1", port 5433
2023-10-03 15:59:55.863 AEDT [19236] LOG:  listening on IPv4 address "127.0.0.1", port 5433
2023-10-03 15:59:55.872 AEDT [19236] LOG:  could not open directory "pg_tblspc": No such file or directory
2023-10-03 15:59:55.979 AEDT [19788] LOG:  database system was interrupted; last known up at 2023-09-27 14:47:25 AEST
2023-10-03 15:59:55.980 AEDT [19788] LOG:  creating missing WAL directory "pg_wal/archive_status"
2023-10-03 15:59:57.818 AEDT [19788] LOG:  could not open directory "pg_tblspc": No such file or directory
2023-10-03 15:59:57.821 AEDT [19788] LOG:  could not open directory "pg_tblspc": No such file or directory
2023-10-03 15:59:57.821 AEDT [19788] FATAL:  could not open directory "pg_replslot": No such file or directory
2023-10-03 15:59:57.827 AEDT [19236] LOG:  startup process (PID 19788) exited with exit code 1
2023-10-03 15:59:57.827 AEDT [19236] LOG:  aborting startup due to startup process failure
2023-10-03 15:59:57.831 AEDT [19236] LOG:  database system is shut down
2023-10-03 16:02:01.211 AEDT [21484] LOG:  starting PostgreSQL 14.9, compiled by Visual C++ build 1914, 64-bit
2023-10-03 16:02:01.219 AEDT [21484] LOG:  listening on IPv6 address "::1", port 5433
2023-10-03 16:02:01.219 AEDT [21484] LOG:  listening on IPv4 address "127.0.0.1", port 5433
2023-10-03 16:02:01.318 AEDT [1832] LOG:  database system was interrupted; last known up at 2023-09-27 14:47:25 AEST
2023-10-03 16:02:03.122 AEDT [1832] FATAL:  could not open directory "pg_replslot": No such file or directory
2023-10-03 16:02:03.128 AEDT [21484] LOG:  startup process (PID 1832) exited with exit code 1
2023-10-03 16:02:03.128 AEDT [21484] LOG:  aborting startup due to startup process failure
2023-10-03 16:02:03.131 AEDT [21484] LOG:  database system is shut down
2023-10-03 16:02:54.374 AEDT [17336] LOG:  starting PostgreSQL 14.9, compiled by Visual C++ build 1914, 64-bit
2023-10-03 16:02:54.383 AEDT [17336] LOG:  listening on IPv6 address "::1", port 5433
2023-10-03 16:02:54.383 AEDT [17336] LOG:  listening on IPv4 address "127.0.0.1", port 5433
2023-10-03 16:02:54.491 AEDT [11236] LOG:  database system was interrupted; last known up at 2023-09-27 14:47:25 AEST
2023-10-03 16:02:56.369 AEDT [11236] FATAL:  could not open directory "pg_replslot": No such file or directory
2023-10-03 16:02:56.375 AEDT [17336] LOG:  startup process (PID 11236) exited with exit code 1
2023-10-03 16:02:56.375 AEDT [17336] LOG:  aborting startup due to startup process failure
2023-10-03 16:02:56.378 AEDT [17336] LOG:  database system is shut down
2023-10-03 16:03:20.111 AEDT [15916] LOG:  starting PostgreSQL 14.9, compiled by Visual C++ build 1914, 64-bit
2023-10-03 16:03:20.121 AEDT [15916] LOG:  listening on IPv6 address "::1", port 5433
2023-10-03 16:03:20.121 AEDT [15916] LOG:  listening on IPv4 address "127.0.0.1", port 5433
2023-10-03 16:03:20.235 AEDT [21276] LOG:  database system was interrupted; last known up at 2023-09-27 14:47:25 AEST
2023-10-03 16:03:22.036 AEDT [21276] FATAL:  could not open directory "pg_twophase": No such file or directory
2023-10-03 16:03:22.041 AEDT [15916] LOG:  startup process (PID 21276) exited with exit code 1
2023-10-03 16:03:22.041 AEDT [15916] LOG:  aborting startup due to startup process failure
2023-10-03 16:03:22.045 AEDT [15916] LOG:  database system is shut down
2023-10-03 16:03:36.839 AEDT [11628] LOG:  starting PostgreSQL 14.9, compiled by Visual C++ build 1914, 64-bit
2023-10-03 16:03:36.847 AEDT [11628] LOG:  listening on IPv6 address "::1", port 5433
2023-10-03 16:03:36.847 AEDT [11628] LOG:  listening on IPv4 address "127.0.0.1", port 5433
2023-10-03 16:03:36.946 AEDT [16524] LOG:  database system was interrupted; last known up at 2023-09-27 14:47:25 AEST
2023-10-03 16:03:38.732 AEDT [16524] LOG:  database system was not properly shut down; automatic recovery in progress
2023-10-03 16:03:38.737 AEDT [16524] FATAL:  could not open directory "pg_stat": No such file or directory
2023-10-03 16:03:38.743 AEDT [11628] LOG:  startup process (PID 16524) exited with exit code 1
2023-10-03 16:03:38.743 AEDT [11628] LOG:  aborting startup due to startup process failure
2023-10-03 16:03:38.747 AEDT [11628] LOG:  database system is shut down
2023-10-03 16:04:01.679 AEDT [12504] LOG:  starting PostgreSQL 14.9, compiled by Visual C++ build 1914, 64-bit
2023-10-03 16:04:01.687 AEDT [12504] LOG:  listening on IPv6 address "::1", port 5433
2023-10-03 16:04:01.687 AEDT [12504] LOG:  listening on IPv4 address "127.0.0.1", port 5433
2023-10-03 16:04:01.783 AEDT [14504] LOG:  database system was interrupted while in recovery at 2023-10-03 16:03:38 AEDT
2023-10-03 16:04:01.783 AEDT [14504] HINT:  This probably means that some data is corrupted and you will have to use the last backup for recovery.
2023-10-03 16:04:03.594 AEDT [14504] LOG:  database system was not properly shut down; automatic recovery in progress
2023-10-03 16:04:03.601 AEDT [14504] LOG:  could not open directory "pg_snapshots": No such file or directory
2023-10-03 16:04:03.601 AEDT [14504] LOG:  redo starts at 0/19EAB88
2023-10-03 16:04:03.688 AEDT [14504] LOG:  invalid record length at 0/1A76E90: wanted 24, got 0
2023-10-03 16:04:03.688 AEDT [14504] LOG:  redo done at 0/1A76E58 system usage: CPU: user: 0.03 s, system: 0.04 s, elapsed: 0.08 s
2023-10-03 16:04:03.699 AEDT [14504] FATAL:  could not open directory "pg_logical/snapshots": No such file or directory
2023-10-03 16:04:03.708 AEDT [12504] LOG:  startup process (PID 14504) exited with exit code 1
2023-10-03 16:04:03.709 AEDT [12504] LOG:  aborting startup due to startup process failure
2023-10-03 16:04:03.713 AEDT [12504] LOG:  database system is shut down
2023-10-03 16:04:28.191 AEDT [11612] LOG:  starting PostgreSQL 14.9, compiled by Visual C++ build 1914, 64-bit
2023-10-03 16:04:28.202 AEDT [11612] LOG:  listening on IPv6 address "::1", port 5433
2023-10-03 16:04:28.202 AEDT [11612] LOG:  listening on IPv4 address "127.0.0.1", port 5433
2023-10-03 16:04:28.295 AEDT [17360] LOG:  database system shutdown was interrupted; last known up at 2023-10-03 16:04:03 AEDT
2023-10-03 16:04:30.147 AEDT [17360] LOG:  database system was not properly shut down; automatic recovery in progress
2023-10-03 16:04:30.153 AEDT [17360] LOG:  could not open directory "pg_snapshots": No such file or directory
2023-10-03 16:04:30.153 AEDT [17360] LOG:  redo starts at 0/19EAB88
2023-10-03 16:04:30.204 AEDT [17360] LOG:  invalid record length at 0/1A76E90: wanted 24, got 0
2023-10-03 16:04:30.205 AEDT [17360] LOG:  redo done at 0/1A76E58 system usage: CPU: user: 0.00 s, system: 0.04 s, elapsed: 0.05 s
2023-10-03 16:04:30.214 AEDT [17360] FATAL:  could not open directory "pg_logical/mappings": No such file or directory
2023-10-03 16:04:30.220 AEDT [11612] LOG:  startup process (PID 17360) exited with exit code 1
2023-10-03 16:04:30.220 AEDT [11612] LOG:  aborting startup due to startup process failure
2023-10-03 16:04:30.224 AEDT [11612] LOG:  database system is shut down
2023-10-03 16:04:57.665 AEDT [9900] LOG:  starting PostgreSQL 14.9, compiled by Visual C++ build 1914, 64-bit
2023-10-03 16:04:57.673 AEDT [9900] LOG:  listening on IPv6 address "::1", port 5433
2023-10-03 16:04:57.674 AEDT [9900] LOG:  listening on IPv4 address "127.0.0.1", port 5433
2023-10-03 16:04:57.799 AEDT [16808] LOG:  database system shutdown was interrupted; last known up at 2023-10-03 16:04:30 AEDT
2023-10-03 16:04:59.601 AEDT [16808] LOG:  database system was not properly shut down; automatic recovery in progress
2023-10-03 16:04:59.607 AEDT [16808] LOG:  redo starts at 0/19EAB88
2023-10-03 16:04:59.664 AEDT [16808] LOG:  invalid record length at 0/1A76E90: wanted 24, got 0
2023-10-03 16:04:59.664 AEDT [16808] LOG:  redo done at 0/1A76E58 system usage: CPU: user: 0.00 s, system: 0.04 s, elapsed: 0.05 s
2023-10-03 16:04:59.691 AEDT [16808] PANIC:  could not open file "pg_commit_ts": No such file or directory
2023-10-03 16:05:00.077 AEDT [9900] LOG:  startup process (PID 16808) was terminated by exception 0xC0000409
2023-10-03 16:05:00.077 AEDT [9900] HINT:  See C include file "ntstatus.h" for a description of the hexadecimal value.
2023-10-03 16:05:00.077 AEDT [9900] LOG:  aborting startup due to startup process failure
2023-10-03 16:05:00.082 AEDT [9900] LOG:  database system is shut down
2023-10-03 16:05:21.707 AEDT [18836] LOG:  starting PostgreSQL 14.9, compiled by Visual C++ build 1914, 64-bit
2023-10-03 16:05:21.715 AEDT [18836] LOG:  listening on IPv6 address "::1", port 5433
2023-10-03 16:05:21.715 AEDT [18836] LOG:  listening on IPv4 address "127.0.0.1", port 5433
2023-10-03 16:05:21.810 AEDT [16900] LOG:  database system shutdown was interrupted; last known up at 2023-10-03 16:04:59 AEDT
2023-10-03 16:05:23.506 AEDT [16900] LOG:  database system was not properly shut down; automatic recovery in progress
2023-10-03 16:05:23.513 AEDT [16900] LOG:  redo starts at 0/19EAB88
2023-10-03 16:05:23.561 AEDT [16900] LOG:  invalid record length at 0/1A76E90: wanted 24, got 0
2023-10-03 16:05:23.561 AEDT [16900] LOG:  redo done at 0/1A76E58 system usage: CPU: user: 0.01 s, system: 0.01 s, elapsed: 0.04 s
2023-10-03 16:05:23.869 AEDT [18836] LOG:  database system is ready to accept connections
2023-10-03 16:07:25.484 AEDT [11776] LOG:  could not receive data from client: An existing connection was forcibly closed by the remote host.
	
2023-10-03 16:07:25.488 AEDT [2964] LOG:  could not receive data from client: An existing connection was forcibly closed by the remote host.
	
2023-10-03 16:07:25.491 AEDT [13072] LOG:  could not receive data from client: An existing connection was forcibly closed by the remote host.
	
2023-10-03 16:07:25.494 AEDT [13384] LOG:  could not receive data from client: An existing connection was forcibly closed by the remote host.
	
2023-10-03 16:07:25.501 AEDT [16780] LOG:  could not receive data from client: An existing connection was forcibly closed by the remote host.
	
2023-10-03 16:07:25.501 AEDT [7704] LOG:  could not receive data from client: An existing connection was forcibly closed by the remote host.
	
2023-10-03 16:07:25.502 AEDT [20872] LOG:  could not receive data from client: An existing connection was forcibly closed by the remote host.
	
2023-10-03 16:07:25.505 AEDT [7032] LOG:  could not receive data from client: An existing connection was forcibly closed by the remote host.
	
2023-10-03 16:07:25.507 AEDT [4532] LOG:  could not receive data from client: An existing connection was forcibly closed by the remote host.
	
2023-10-03 16:07:25.508 AEDT [12860] LOG:  could not receive data from client: An existing connection was forcibly closed by the remote host.
	
